<?xml version="1.0" encoding="UTF-8"?>
<!-- Generated by org.testng.reporters.JUnitReportReporter -->
<testsuite hostname="DESKTOP-TJEEOG1" failures="0" tests="1" name="TestCaseFile.TestCaseFile" time="18.136" errors="0" timestamp="2024-03-27T16:09:21 IST" skipped="0">
  <testcase classname="TestCaseFile.TestCaseFile" name="Browseropen" time="18.136"/>
</testsuite> <!-- TestCaseFile.TestCaseFile -->
