<?xml version="1.0" encoding="UTF-8"?>
<!-- Generated by org.testng.reporters.JUnitReportReporter -->
<testsuite hostname="DESKTOP-TJEEOG1" failures="0" tests="1" name="TestCaseFile.TestCaseFile" time="9.015" errors="0" timestamp="2024-03-27T16:26:11 IST" skipped="0">
  <testcase classname="TestCaseFile.TestCaseFile" name="Browseropen" time="9.015"/>
</testsuite> <!-- TestCaseFile.TestCaseFile -->
